running egg_info
writing ../../build/vision_bot/vision_bot.egg-info/PKG-INFO
writing dependency_links to ../../build/vision_bot/vision_bot.egg-info/dependency_links.txt
writing entry points to ../../build/vision_bot/vision_bot.egg-info/entry_points.txt
writing requirements to ../../build/vision_bot/vision_bot.egg-info/requires.txt
writing top-level names to ../../build/vision_bot/vision_bot.egg-info/top_level.txt
reading manifest file '../../build/vision_bot/vision_bot.egg-info/SOURCES.txt'
writing manifest file '../../build/vision_bot/vision_bot.egg-info/SOURCES.txt'
running build
running build_py
copying vision_bot/camera_follower.py -> /home/anas/ros2_ws/build/vision_bot/build/lib/vision_bot
running install
running install_lib
copying /home/anas/ros2_ws/build/vision_bot/build/lib/vision_bot/camera_follower.py -> /home/anas/ros2_ws/install/vision_bot/lib/python3.10/site-packages/vision_bot
byte-compiling /home/anas/ros2_ws/install/vision_bot/lib/python3.10/site-packages/vision_bot/camera_follower.py to camera_follower.cpython-310.pyc
running install_data
running install_egg_info
removing '/home/anas/ros2_ws/install/vision_bot/lib/python3.10/site-packages/vision_bot-0.0.0-py3.10.egg-info' (and everything under it)
Copying ../../build/vision_bot/vision_bot.egg-info to /home/anas/ros2_ws/install/vision_bot/lib/python3.10/site-packages/vision_bot-0.0.0-py3.10.egg-info
running install_scripts
Installing camera_follower script to /home/anas/ros2_ws/install/vision_bot/lib/vision_bot
writing list of installed files to '/home/anas/ros2_ws/build/vision_bot/install.log'
