[0.958s] Invoking command in '/home/anas/ros2_ws/src/vision_bot': PYTHONPATH=/home/anas/ros2_ws/build/vision_bot/prefix_override:/usr/lib/python3/dist-packages/colcon_core/task/python/colcon_distutils_commands:/home/anas/ros2_ws/install/vision_bot/lib/python3.10/site-packages:${PYTHONPATH} /usr/bin/python3 -W ignore:setup.py install is deprecated -W ignore:easy_install command is deprecated setup.py egg_info --egg-base ../../build/vision_bot build --build-base /home/anas/ros2_ws/build/vision_bot/build install --record /home/anas/ros2_ws/build/vision_bot/install.log --single-version-externally-managed install_data
[1.242s] running egg_info
[1.242s] writing ../../build/vision_bot/vision_bot.egg-info/PKG-INFO
[1.245s] writing dependency_links to ../../build/vision_bot/vision_bot.egg-info/dependency_links.txt
[1.245s] writing entry points to ../../build/vision_bot/vision_bot.egg-info/entry_points.txt
[1.245s] writing requirements to ../../build/vision_bot/vision_bot.egg-info/requires.txt
[1.245s] writing top-level names to ../../build/vision_bot/vision_bot.egg-info/top_level.txt
[1.248s] reading manifest file '../../build/vision_bot/vision_bot.egg-info/SOURCES.txt'
[1.249s] writing manifest file '../../build/vision_bot/vision_bot.egg-info/SOURCES.txt'
[1.249s] running build
[1.250s] running build_py
[1.250s] copying vision_bot/camera_follower.py -> /home/anas/ros2_ws/build/vision_bot/build/lib/vision_bot
[1.250s] running install
[1.250s] running install_lib
[1.251s] copying /home/anas/ros2_ws/build/vision_bot/build/lib/vision_bot/camera_follower.py -> /home/anas/ros2_ws/install/vision_bot/lib/python3.10/site-packages/vision_bot
[1.252s] byte-compiling /home/anas/ros2_ws/install/vision_bot/lib/python3.10/site-packages/vision_bot/camera_follower.py to camera_follower.cpython-310.pyc
[1.254s] running install_data
[1.254s] running install_egg_info
[1.256s] removing '/home/anas/ros2_ws/install/vision_bot/lib/python3.10/site-packages/vision_bot-0.0.0-py3.10.egg-info' (and everything under it)
[1.256s] Copying ../../build/vision_bot/vision_bot.egg-info to /home/anas/ros2_ws/install/vision_bot/lib/python3.10/site-packages/vision_bot-0.0.0-py3.10.egg-info
[1.257s] running install_scripts
[1.276s] Installing camera_follower script to /home/anas/ros2_ws/install/vision_bot/lib/vision_bot
[1.277s] writing list of installed files to '/home/anas/ros2_ws/build/vision_bot/install.log'
[1.324s] Invoked command in '/home/anas/ros2_ws/src/vision_bot' returned '0': PYTHONPATH=/home/anas/ros2_ws/build/vision_bot/prefix_override:/usr/lib/python3/dist-packages/colcon_core/task/python/colcon_distutils_commands:/home/anas/ros2_ws/install/vision_bot/lib/python3.10/site-packages:${PYTHONPATH} /usr/bin/python3 -W ignore:setup.py install is deprecated -W ignore:easy_install command is deprecated setup.py egg_info --egg-base ../../build/vision_bot build --build-base /home/anas/ros2_ws/build/vision_bot/build install --record /home/anas/ros2_ws/build/vision_bot/install.log --single-version-externally-managed install_data
