running egg_info
creating ../../build/my_turtle_package/my_turtle_package.egg-info
writing ../../build/my_turtle_package/my_turtle_package.egg-info/PKG-INFO
writing dependency_links to ../../build/my_turtle_package/my_turtle_package.egg-info/dependency_links.txt
writing entry points to ../../build/my_turtle_package/my_turtle_package.egg-info/entry_points.txt
writing requirements to ../../build/my_turtle_package/my_turtle_package.egg-info/requires.txt
writing top-level names to ../../build/my_turtle_package/my_turtle_package.egg-info/top_level.txt
writing manifest file '../../build/my_turtle_package/my_turtle_package.egg-info/SOURCES.txt'
reading manifest file '../../build/my_turtle_package/my_turtle_package.egg-info/SOURCES.txt'
writing manifest file '../../build/my_turtle_package/my_turtle_package.egg-info/SOURCES.txt'
running build
running build_py
creating /home/anas/ros2_ws/build/my_turtle_package/build/lib/my_turtle_package
copying my_turtle_package/__init__.py -> /home/anas/ros2_ws/build/my_turtle_package/build/lib/my_turtle_package
copying my_turtle_package/move_turtle.py -> /home/anas/ros2_ws/build/my_turtle_package/build/lib/my_turtle_package
copying my_turtle_package/move_to_goal.py -> /home/anas/ros2_ws/build/my_turtle_package/build/lib/my_turtle_package
copying my_turtle_package/multi_turtle_patterns.py -> /home/anas/ros2_ws/build/my_turtle_package/build/lib/my_turtle_package
copying my_turtle_package/my_node.py -> /home/anas/ros2_ws/build/my_turtle_package/build/lib/my_turtle_package
running install
running install_lib
creating /home/anas/ros2_ws/install/my_turtle_package/lib/python3.10/site-packages/my_turtle_package
copying /home/anas/ros2_ws/build/my_turtle_package/build/lib/my_turtle_package/__init__.py -> /home/anas/ros2_ws/install/my_turtle_package/lib/python3.10/site-packages/my_turtle_package
copying /home/anas/ros2_ws/build/my_turtle_package/build/lib/my_turtle_package/move_turtle.py -> /home/anas/ros2_ws/install/my_turtle_package/lib/python3.10/site-packages/my_turtle_package
copying /home/anas/ros2_ws/build/my_turtle_package/build/lib/my_turtle_package/move_to_goal.py -> /home/anas/ros2_ws/install/my_turtle_package/lib/python3.10/site-packages/my_turtle_package
copying /home/anas/ros2_ws/build/my_turtle_package/build/lib/my_turtle_package/multi_turtle_patterns.py -> /home/anas/ros2_ws/install/my_turtle_package/lib/python3.10/site-packages/my_turtle_package
copying /home/anas/ros2_ws/build/my_turtle_package/build/lib/my_turtle_package/my_node.py -> /home/anas/ros2_ws/install/my_turtle_package/lib/python3.10/site-packages/my_turtle_package
byte-compiling /home/anas/ros2_ws/install/my_turtle_package/lib/python3.10/site-packages/my_turtle_package/__init__.py to __init__.cpython-310.pyc
byte-compiling /home/anas/ros2_ws/install/my_turtle_package/lib/python3.10/site-packages/my_turtle_package/move_turtle.py to move_turtle.cpython-310.pyc
byte-compiling /home/anas/ros2_ws/install/my_turtle_package/lib/python3.10/site-packages/my_turtle_package/move_to_goal.py to move_to_goal.cpython-310.pyc
byte-compiling /home/anas/ros2_ws/install/my_turtle_package/lib/python3.10/site-packages/my_turtle_package/multi_turtle_patterns.py to multi_turtle_patterns.cpython-310.pyc
byte-compiling /home/anas/ros2_ws/install/my_turtle_package/lib/python3.10/site-packages/my_turtle_package/my_node.py to my_node.cpython-310.pyc
running install_data
creating /home/anas/ros2_ws/install/my_turtle_package/share/ament_index/resource_index/packages
copying resource/my_turtle_package -> /home/anas/ros2_ws/install/my_turtle_package/share/ament_index/resource_index/packages
copying package.xml -> /home/anas/ros2_ws/install/my_turtle_package/share/my_turtle_package
running install_egg_info
Copying ../../build/my_turtle_package/my_turtle_package.egg-info to /home/anas/ros2_ws/install/my_turtle_package/lib/python3.10/site-packages/my_turtle_package-0.0.0-py3.10.egg-info
running install_scripts
Installing move_to_goal script to /home/anas/ros2_ws/install/my_turtle_package/lib/my_turtle_package
Installing move_turtle script to /home/anas/ros2_ws/install/my_turtle_package/lib/my_turtle_package
Installing multi_turtle_patterns script to /home/anas/ros2_ws/install/my_turtle_package/lib/my_turtle_package
Installing my_node script to /home/anas/ros2_ws/install/my_turtle_package/lib/my_turtle_package
writing list of installed files to '/home/anas/ros2_ws/build/my_turtle_package/install.log'
