[1.098s] DEBUG:colcon:Command line arguments: ['/usr/bin/colcon', 'build']
[1.099s] DEBUG:colcon:Parsed command line arguments: Namespace(log_base=None, log_level=None, verb_name='build', build_base='build', install_base='install', merge_install=False, symlink_install=False, test_result_base=None, continue_on_error=False, executor='parallel', parallel_workers=8, event_handlers=None, ignore_user_meta=False, metas=['./colcon.meta'], base_paths=['.'], packages_ignore=None, packages_ignore_regex=None, paths=None, packages_up_to=None, packages_up_to_regex=None, packages_above=None, packages_above_and_dependencies=None, packages_above_depth=None, packages_select_by_dep=None, packages_skip_by_dep=None, packages_skip_up_to=None, packages_select_build_failed=False, packages_skip_build_finished=False, packages_select_test_failures=False, packages_skip_test_passed=False, packages_select=None, packages_skip=None, packages_select_regex=None, packages_skip_regex=None, packages_start=None, packages_end=None, allow_overriding=[], cmake_args=None, cmake_target=None, cmake_target_skip_unavailable=False, cmake_clean_cache=False, cmake_clean_first=False, cmake_force_configure=False, ament_cmake_args=None, catkin_cmake_args=None, catkin_skip_building_tests=False, mixin_files=None, mixin=None, verb_parser=<colcon_mixin.mixin.mixin_argument.MixinArgumentDecorator object at 0x7d9b722b54e0>, verb_extension=<colcon_core.verb.build.BuildVerb object at 0x7d9b723a2b00>, main=<bound method BuildVerb.main of <colcon_core.verb.build.BuildVerb object at 0x7d9b723a2b00>>, mixin_verb=('build',))
[3.810s] Level 1:colcon.colcon_core.package_discovery:discover_packages(colcon_meta) check parameters
[3.811s] Level 1:colcon.colcon_core.package_discovery:discover_packages(recursive) check parameters
[3.811s] Level 1:colcon.colcon_core.package_discovery:discover_packages(ignore) check parameters
[3.811s] Level 1:colcon.colcon_core.package_discovery:discover_packages(path) check parameters
[3.812s] Level 1:colcon.colcon_core.package_discovery:discover_packages(colcon_meta) discover
[3.812s] Level 1:colcon.colcon_core.package_discovery:discover_packages(recursive) discover
[3.812s] INFO:colcon.colcon_core.package_discovery:Crawling recursively for packages in '/home/anas/ros2_ws'
[3.813s] Level 1:colcon.colcon_core.package_identification:_identify(.) by extensions ['ignore', 'ignore_ament_install']
[3.814s] Level 1:colcon.colcon_core.package_identification:_identify(.) by extension 'ignore'
[3.814s] Level 1:colcon.colcon_core.package_identification:_identify(.) by extension 'ignore_ament_install'
[3.815s] Level 1:colcon.colcon_core.package_identification:_identify(.) by extensions ['colcon_pkg']
[3.815s] Level 1:colcon.colcon_core.package_identification:_identify(.) by extension 'colcon_pkg'
[3.815s] Level 1:colcon.colcon_core.package_identification:_identify(.) by extensions ['colcon_meta']
[3.815s] Level 1:colcon.colcon_core.package_identification:_identify(.) by extension 'colcon_meta'
[3.816s] Level 1:colcon.colcon_core.package_identification:_identify(.) by extensions ['ros']
[3.816s] Level 1:colcon.colcon_core.package_identification:_identify(.) by extension 'ros'
[4.037s] Level 1:colcon.colcon_core.package_identification:_identify(.) by extensions ['cmake', 'python']
[4.038s] Level 1:colcon.colcon_core.package_identification:_identify(.) by extension 'cmake'
[4.039s] Level 1:colcon.colcon_core.package_identification:_identify(.) by extension 'python'
[4.039s] Level 1:colcon.colcon_core.package_identification:_identify(.) by extensions ['python_setup_py']
[4.039s] Level 1:colcon.colcon_core.package_identification:_identify(.) by extension 'python_setup_py'
[4.040s] Level 1:colcon.colcon_core.package_identification:_identify(build) by extensions ['ignore', 'ignore_ament_install']
[4.041s] Level 1:colcon.colcon_core.package_identification:_identify(build) by extension 'ignore'
[4.041s] Level 1:colcon.colcon_core.package_identification:_identify(build) ignored
[4.042s] Level 1:colcon.colcon_core.package_identification:_identify(install) by extensions ['ignore', 'ignore_ament_install']
[4.043s] Level 1:colcon.colcon_core.package_identification:_identify(install) by extension 'ignore'
[4.043s] Level 1:colcon.colcon_core.package_identification:_identify(install) ignored
[4.044s] Level 1:colcon.colcon_core.package_identification:_identify(log) by extensions ['ignore', 'ignore_ament_install']
[4.045s] Level 1:colcon.colcon_core.package_identification:_identify(log) by extension 'ignore'
[4.045s] Level 1:colcon.colcon_core.package_identification:_identify(log) ignored
[4.045s] Level 1:colcon.colcon_core.package_identification:_identify(src) by extensions ['ignore', 'ignore_ament_install']
[4.046s] Level 1:colcon.colcon_core.package_identification:_identify(src) by extension 'ignore'
[4.046s] Level 1:colcon.colcon_core.package_identification:_identify(src) by extension 'ignore_ament_install'
[4.047s] Level 1:colcon.colcon_core.package_identification:_identify(src) by extensions ['colcon_pkg']
[4.047s] Level 1:colcon.colcon_core.package_identification:_identify(src) by extension 'colcon_pkg'
[4.047s] Level 1:colcon.colcon_core.package_identification:_identify(src) by extensions ['colcon_meta']
[4.048s] Level 1:colcon.colcon_core.package_identification:_identify(src) by extension 'colcon_meta'
[4.048s] Level 1:colcon.colcon_core.package_identification:_identify(src) by extensions ['ros']
[4.048s] Level 1:colcon.colcon_core.package_identification:_identify(src) by extension 'ros'
[4.049s] Level 1:colcon.colcon_core.package_identification:_identify(src) by extensions ['cmake', 'python']
[4.049s] Level 1:colcon.colcon_core.package_identification:_identify(src) by extension 'cmake'
[4.049s] Level 1:colcon.colcon_core.package_identification:_identify(src) by extension 'python'
[4.050s] Level 1:colcon.colcon_core.package_identification:_identify(src) by extensions ['python_setup_py']
[4.050s] Level 1:colcon.colcon_core.package_identification:_identify(src) by extension 'python_setup_py'
[4.051s] Level 1:colcon.colcon_core.package_identification:_identify(src/vision_bot) by extensions ['ignore', 'ignore_ament_install']
[4.051s] Level 1:colcon.colcon_core.package_identification:_identify(src/vision_bot) by extension 'ignore'
[4.052s] Level 1:colcon.colcon_core.package_identification:_identify(src/vision_bot) by extension 'ignore_ament_install'
[4.052s] Level 1:colcon.colcon_core.package_identification:_identify(src/vision_bot) by extensions ['colcon_pkg']
[4.052s] Level 1:colcon.colcon_core.package_identification:_identify(src/vision_bot) by extension 'colcon_pkg'
[4.053s] Level 1:colcon.colcon_core.package_identification:_identify(src/vision_bot) by extensions ['colcon_meta']
[4.053s] Level 1:colcon.colcon_core.package_identification:_identify(src/vision_bot) by extension 'colcon_meta'
[4.053s] Level 1:colcon.colcon_core.package_identification:_identify(src/vision_bot) by extensions ['ros']
[4.054s] Level 1:colcon.colcon_core.package_identification:_identify(src/vision_bot) by extension 'ros'
[4.076s] DEBUG:colcon.colcon_core.package_identification:Package 'src/vision_bot' with type 'ros.ament_python' and name 'vision_bot'
[4.077s] Level 1:colcon.colcon_core.package_discovery:discover_packages(recursive) using defaults
[4.077s] Level 1:colcon.colcon_core.package_discovery:discover_packages(ignore) discover
[4.077s] Level 1:colcon.colcon_core.package_discovery:discover_packages(ignore) using defaults
[4.078s] Level 1:colcon.colcon_core.package_discovery:discover_packages(path) discover
[4.078s] Level 1:colcon.colcon_core.package_discovery:discover_packages(path) using defaults
[4.236s] Level 1:colcon.colcon_core.package_discovery:discover_packages(prefix_path) check parameters
[4.237s] Level 1:colcon.colcon_core.package_discovery:discover_packages(prefix_path) discover
[4.250s] DEBUG:colcon.colcon_installed_package_information.package_discovery:Found 1 installed packages in /home/anas/ros2_ws/install
[4.271s] DEBUG:colcon.colcon_installed_package_information.package_discovery:Found 487 installed packages in /opt/ros/humble
[4.295s] Level 1:colcon.colcon_core.package_discovery:discover_packages(prefix_path) using defaults
[4.769s] Level 5:colcon.colcon_core.verb:set package 'vision_bot' build argument 'cmake_args' from command line to 'None'
[4.770s] Level 5:colcon.colcon_core.verb:set package 'vision_bot' build argument 'cmake_target' from command line to 'None'
[4.770s] Level 5:colcon.colcon_core.verb:set package 'vision_bot' build argument 'cmake_target_skip_unavailable' from command line to 'False'
[4.770s] Level 5:colcon.colcon_core.verb:set package 'vision_bot' build argument 'cmake_clean_cache' from command line to 'False'
[4.770s] Level 5:colcon.colcon_core.verb:set package 'vision_bot' build argument 'cmake_clean_first' from command line to 'False'
[4.770s] Level 5:colcon.colcon_core.verb:set package 'vision_bot' build argument 'cmake_force_configure' from command line to 'False'
[4.771s] Level 5:colcon.colcon_core.verb:set package 'vision_bot' build argument 'ament_cmake_args' from command line to 'None'
[4.771s] Level 5:colcon.colcon_core.verb:set package 'vision_bot' build argument 'catkin_cmake_args' from command line to 'None'
[4.771s] Level 5:colcon.colcon_core.verb:set package 'vision_bot' build argument 'catkin_skip_building_tests' from command line to 'False'
[4.771s] DEBUG:colcon.colcon_core.verb:Building package 'vision_bot' with the following arguments: {'ament_cmake_args': None, 'build_base': '/home/anas/ros2_ws/build/vision_bot', 'catkin_cmake_args': None, 'catkin_skip_building_tests': False, 'cmake_args': None, 'cmake_clean_cache': False, 'cmake_clean_first': False, 'cmake_force_configure': False, 'cmake_target': None, 'cmake_target_skip_unavailable': False, 'install_base': '/home/anas/ros2_ws/install/vision_bot', 'merge_install': False, 'path': '/home/anas/ros2_ws/src/vision_bot', 'symlink_install': False, 'test_result_base': None}
[4.773s] INFO:colcon.colcon_core.executor:Executing jobs using 'parallel' executor
[4.781s] DEBUG:colcon.colcon_parallel_executor.executor.parallel:run_until_complete
[4.782s] INFO:colcon.colcon_ros.task.ament_python.build:Building ROS package in '/home/anas/ros2_ws/src/vision_bot' with build type 'ament_python'
[4.783s] Level 1:colcon.colcon_core.shell:create_environment_hook('vision_bot', 'ament_prefix_path')
[4.799s] INFO:colcon.colcon_core.plugin_system:Skipping extension 'colcon_core.shell.bat': Not used on non-Windows systems
[4.801s] INFO:colcon.colcon_core.shell:Creating environment hook '/home/anas/ros2_ws/install/vision_bot/share/vision_bot/hook/ament_prefix_path.ps1'
[4.806s] INFO:colcon.colcon_core.shell:Creating environment descriptor '/home/anas/ros2_ws/install/vision_bot/share/vision_bot/hook/ament_prefix_path.dsv'
[4.810s] INFO:colcon.colcon_core.shell:Creating environment hook '/home/anas/ros2_ws/install/vision_bot/share/vision_bot/hook/ament_prefix_path.sh'
[4.817s] INFO:colcon.colcon_core.shell:Skip shell extension 'powershell' for command environment: Not usable outside of PowerShell
[4.817s] DEBUG:colcon.colcon_core.shell:Skip shell extension 'dsv' for command environment
[7.892s] INFO:colcon.colcon_core.task.python.build:Building Python package in '/home/anas/ros2_ws/src/vision_bot'
[7.894s] INFO:colcon.colcon_core.shell:Skip shell extension 'powershell' for command environment: Not usable outside of PowerShell
[7.894s] DEBUG:colcon.colcon_core.shell:Skip shell extension 'dsv' for command environment
[12.371s] DEBUG:colcon.colcon_core.event_handler.log_command:Invoking command in '/home/anas/ros2_ws/src/vision_bot': PYTHONPATH=/home/anas/ros2_ws/build/vision_bot/prefix_override:/usr/lib/python3/dist-packages/colcon_core/task/python/colcon_distutils_commands:/home/anas/ros2_ws/install/vision_bot/lib/python3.10/site-packages:${PYTHONPATH} /usr/bin/python3 -W ignore:setup.py install is deprecated -W ignore:easy_install command is deprecated setup.py egg_info --egg-base ../../build/vision_bot build --build-base /home/anas/ros2_ws/build/vision_bot/build install --record /home/anas/ros2_ws/build/vision_bot/install.log --single-version-externally-managed install_data
[15.692s] DEBUG:colcon.colcon_core.event_handler.log_command:Invoked command in '/home/anas/ros2_ws/src/vision_bot' returned '0': PYTHONPATH=/home/anas/ros2_ws/build/vision_bot/prefix_override:/usr/lib/python3/dist-packages/colcon_core/task/python/colcon_distutils_commands:/home/anas/ros2_ws/install/vision_bot/lib/python3.10/site-packages:${PYTHONPATH} /usr/bin/python3 -W ignore:setup.py install is deprecated -W ignore:easy_install command is deprecated setup.py egg_info --egg-base ../../build/vision_bot build --build-base /home/anas/ros2_ws/build/vision_bot/build install --record /home/anas/ros2_ws/build/vision_bot/install.log --single-version-externally-managed install_data
[15.711s] Level 1:colcon.colcon_core.environment:checking '/home/anas/ros2_ws/install/vision_bot' for CMake module files
[15.715s] Level 1:colcon.colcon_core.environment:checking '/home/anas/ros2_ws/install/vision_bot' for CMake config files
[15.722s] Level 1:colcon.colcon_core.environment:checking '/home/anas/ros2_ws/install/vision_bot/lib'
[15.724s] Level 1:colcon.colcon_core.environment:checking '/home/anas/ros2_ws/install/vision_bot/bin'
[15.724s] Level 1:colcon.colcon_core.environment:checking '/home/anas/ros2_ws/install/vision_bot/lib/pkgconfig/vision_bot.pc'
[15.726s] Level 1:colcon.colcon_core.environment:checking '/home/anas/ros2_ws/install/vision_bot/lib/python3.10/site-packages'
[15.726s] Level 1:colcon.colcon_core.shell:create_environment_hook('vision_bot', 'pythonpath')
[15.728s] INFO:colcon.colcon_core.shell:Creating environment hook '/home/anas/ros2_ws/install/vision_bot/share/vision_bot/hook/pythonpath.ps1'
[15.731s] INFO:colcon.colcon_core.shell:Creating environment descriptor '/home/anas/ros2_ws/install/vision_bot/share/vision_bot/hook/pythonpath.dsv'
[15.734s] INFO:colcon.colcon_core.shell:Creating environment hook '/home/anas/ros2_ws/install/vision_bot/share/vision_bot/hook/pythonpath.sh'
[15.740s] Level 1:colcon.colcon_core.environment:checking '/home/anas/ros2_ws/install/vision_bot/bin'
[15.741s] Level 1:colcon.colcon_core.environment:create_environment_scripts_only(vision_bot)
[15.743s] INFO:colcon.colcon_core.shell:Creating package script '/home/anas/ros2_ws/install/vision_bot/share/vision_bot/package.ps1'
[15.753s] INFO:colcon.colcon_core.shell:Creating package descriptor '/home/anas/ros2_ws/install/vision_bot/share/vision_bot/package.dsv'
[15.757s] INFO:colcon.colcon_core.shell:Creating package script '/home/anas/ros2_ws/install/vision_bot/share/vision_bot/package.sh'
[15.765s] INFO:colcon.colcon_core.shell:Creating package script '/home/anas/ros2_ws/install/vision_bot/share/vision_bot/package.bash'
[15.771s] INFO:colcon.colcon_core.shell:Creating package script '/home/anas/ros2_ws/install/vision_bot/share/vision_bot/package.zsh'
[15.777s] Level 1:colcon.colcon_core.environment:create_file_with_runtime_dependencies(/home/anas/ros2_ws/install/vision_bot/share/colcon-core/packages/vision_bot)
[15.782s] DEBUG:colcon.colcon_parallel_executor.executor.parallel:closing loop
[15.783s] DEBUG:colcon.colcon_parallel_executor.executor.parallel:loop closed
[15.783s] DEBUG:colcon.colcon_parallel_executor.executor.parallel:run_until_complete finished with '0'
[15.783s] DEBUG:colcon.colcon_core.event_reactor:joining thread
[15.825s] INFO:colcon.colcon_core.plugin_system:Skipping extension 'colcon_notification.desktop_notification.terminal_notifier': Not used on non-Darwin systems
[15.826s] INFO:colcon.colcon_core.plugin_system:Skipping extension 'colcon_notification.desktop_notification.win32': Not used on non-Windows systems
[15.827s] INFO:colcon.colcon_notification.desktop_notification:Sending desktop notification using 'notify2'
[15.924s] DEBUG:colcon.colcon_core.event_reactor:joined thread
[15.926s] INFO:colcon.colcon_core.shell:Creating prefix script '/home/anas/ros2_ws/install/local_setup.ps1'
[15.934s] INFO:colcon.colcon_core.shell:Creating prefix util module '/home/anas/ros2_ws/install/_local_setup_util_ps1.py'
[15.946s] INFO:colcon.colcon_core.shell:Creating prefix chain script '/home/anas/ros2_ws/install/setup.ps1'
[15.955s] INFO:colcon.colcon_core.shell:Creating prefix script '/home/anas/ros2_ws/install/local_setup.sh'
[15.960s] INFO:colcon.colcon_core.shell:Creating prefix util module '/home/anas/ros2_ws/install/_local_setup_util_sh.py'
[15.965s] INFO:colcon.colcon_core.shell:Creating prefix chain script '/home/anas/ros2_ws/install/setup.sh'
[15.972s] INFO:colcon.colcon_core.shell:Creating prefix script '/home/anas/ros2_ws/install/local_setup.bash'
[15.977s] INFO:colcon.colcon_core.shell:Creating prefix chain script '/home/anas/ros2_ws/install/setup.bash'
[15.985s] INFO:colcon.colcon_core.shell:Creating prefix script '/home/anas/ros2_ws/install/local_setup.zsh'
[15.991s] INFO:colcon.colcon_core.shell:Creating prefix chain script '/home/anas/ros2_ws/install/setup.zsh'
