[7.583s] Invoking command in '/home/anas/ros2_ws/src/vision_bot': PYTHONPATH=/home/anas/ros2_ws/build/vision_bot/prefix_override:/usr/lib/python3/dist-packages/colcon_core/task/python/colcon_distutils_commands:/home/anas/ros2_ws/install/vision_bot/lib/python3.10/site-packages:${PYTHONPATH} /usr/bin/python3 -W ignore:setup.py install is deprecated -W ignore:easy_install command is deprecated setup.py egg_info --egg-base ../../build/vision_bot build --build-base /home/anas/ros2_ws/build/vision_bot/build install --record /home/anas/ros2_ws/build/vision_bot/install.log --single-version-externally-managed install_data
[10.444s] running egg_info
[10.449s] writing ../../build/vision_bot/vision_bot.egg-info/PKG-INFO
[10.450s] writing dependency_links to ../../build/vision_bot/vision_bot.egg-info/dependency_links.txt
[10.451s] writing entry points to ../../build/vision_bot/vision_bot.egg-info/entry_points.txt
[10.453s] writing requirements to ../../build/vision_bot/vision_bot.egg-info/requires.txt
[10.453s] writing top-level names to ../../build/vision_bot/vision_bot.egg-info/top_level.txt
[10.470s] reading manifest file '../../build/vision_bot/vision_bot.egg-info/SOURCES.txt'
[10.478s] writing manifest file '../../build/vision_bot/vision_bot.egg-info/SOURCES.txt'
[10.480s] running build
[10.481s] running build_py
[10.481s] copying vision_bot/camera_follower.py -> /home/anas/ros2_ws/build/vision_bot/build/lib/vision_bot
[10.483s] running install
[10.486s] running install_lib
[10.492s] copying /home/anas/ros2_ws/build/vision_bot/build/lib/vision_bot/camera_follower.py -> /home/anas/ros2_ws/install/vision_bot/lib/python3.10/site-packages/vision_bot
[10.496s] byte-compiling /home/anas/ros2_ws/install/vision_bot/lib/python3.10/site-packages/vision_bot/camera_follower.py to camera_follower.cpython-310.pyc
[10.513s] running install_data
[10.514s] running install_egg_info
[10.528s] removing '/home/anas/ros2_ws/install/vision_bot/lib/python3.10/site-packages/vision_bot-0.0.0-py3.10.egg-info' (and everything under it)
[10.531s] Copying ../../build/vision_bot/vision_bot.egg-info to /home/anas/ros2_ws/install/vision_bot/lib/python3.10/site-packages/vision_bot-0.0.0-py3.10.egg-info
[10.539s] running install_scripts
[10.700s] Installing camera_follower script to /home/anas/ros2_ws/install/vision_bot/lib/vision_bot
[10.702s] writing list of installed files to '/home/anas/ros2_ws/build/vision_bot/install.log'
[10.905s] Invoked command in '/home/anas/ros2_ws/src/vision_bot' returned '0': PYTHONPATH=/home/anas/ros2_ws/build/vision_bot/prefix_override:/usr/lib/python3/dist-packages/colcon_core/task/python/colcon_distutils_commands:/home/anas/ros2_ws/install/vision_bot/lib/python3.10/site-packages:${PYTHONPATH} /usr/bin/python3 -W ignore:setup.py install is deprecated -W ignore:easy_install command is deprecated setup.py egg_info --egg-base ../../build/vision_bot build --build-base /home/anas/ros2_ws/build/vision_bot/build install --record /home/anas/ros2_ws/build/vision_bot/install.log --single-version-externally-managed install_data
