/home/anas/ros2_ws/install/my_turtle_package/lib/python3.10/site-packages/my_turtle_package/__init__.py
/home/anas/ros2_ws/install/my_turtle_package/lib/python3.10/site-packages/my_turtle_package/move_turtle.py
/home/anas/ros2_ws/install/my_turtle_package/lib/python3.10/site-packages/my_turtle_package/move_to_goal.py
/home/anas/ros2_ws/install/my_turtle_package/lib/python3.10/site-packages/my_turtle_package/multi_turtle_patterns.py
/home/anas/ros2_ws/install/my_turtle_package/lib/python3.10/site-packages/my_turtle_package/my_node.py
/home/anas/ros2_ws/install/my_turtle_package/lib/python3.10/site-packages/my_turtle_package/__pycache__/__init__.cpython-310.pyc
/home/anas/ros2_ws/install/my_turtle_package/lib/python3.10/site-packages/my_turtle_package/__pycache__/move_turtle.cpython-310.pyc
/home/anas/ros2_ws/install/my_turtle_package/lib/python3.10/site-packages/my_turtle_package/__pycache__/move_to_goal.cpython-310.pyc
/home/anas/ros2_ws/install/my_turtle_package/lib/python3.10/site-packages/my_turtle_package/__pycache__/multi_turtle_patterns.cpython-310.pyc
/home/anas/ros2_ws/install/my_turtle_package/lib/python3.10/site-packages/my_turtle_package/__pycache__/my_node.cpython-310.pyc
/home/anas/ros2_ws/install/my_turtle_package/share/ament_index/resource_index/packages/my_turtle_package
/home/anas/ros2_ws/install/my_turtle_package/share/my_turtle_package/package.xml
/home/anas/ros2_ws/install/my_turtle_package/lib/python3.10/site-packages/my_turtle_package-0.0.0-py3.10.egg-info/zip-safe
/home/anas/ros2_ws/install/my_turtle_package/lib/python3.10/site-packages/my_turtle_package-0.0.0-py3.10.egg-info/entry_points.txt
/home/anas/ros2_ws/install/my_turtle_package/lib/python3.10/site-packages/my_turtle_package-0.0.0-py3.10.egg-info/SOURCES.txt
/home/anas/ros2_ws/install/my_turtle_package/lib/python3.10/site-packages/my_turtle_package-0.0.0-py3.10.egg-info/top_level.txt
/home/anas/ros2_ws/install/my_turtle_package/lib/python3.10/site-packages/my_turtle_package-0.0.0-py3.10.egg-info/dependency_links.txt
/home/anas/ros2_ws/install/my_turtle_package/lib/python3.10/site-packages/my_turtle_package-0.0.0-py3.10.egg-info/PKG-INFO
/home/anas/ros2_ws/install/my_turtle_package/lib/python3.10/site-packages/my_turtle_package-0.0.0-py3.10.egg-info/requires.txt
/home/anas/ros2_ws/install/my_turtle_package/lib/my_turtle_package/move_to_goal
/home/anas/ros2_ws/install/my_turtle_package/lib/my_turtle_package/move_turtle
/home/anas/ros2_ws/install/my_turtle_package/lib/my_turtle_package/multi_turtle_patterns
/home/anas/ros2_ws/install/my_turtle_package/lib/my_turtle_package/my_node
